Release 14.7 - xst P.20131013 (nt64)
Copyright (c) 1995-2013 Xilinx, Inc.  All rights reserved.
--> Parameter TMPDIR set to xst/projnav.tmp


Total REAL time to Xst completion: 0.00 secs
Total CPU time to Xst completion: 0.10 secs
 
--> Parameter xsthdpdir set to xst


Total REAL time to Xst completion: 0.00 secs
Total CPU time to Xst completion: 0.10 secs
 
--> Reading design: ALU.prj

TABLE OF CONTENTS
  1) Synthesis Options Summary
  2) HDL Parsing
  3) HDL Elaboration
  4) HDL Synthesis
       4.1) HDL Synthesis Report
  5) Advanced HDL Synthesis
       5.1) Advanced HDL Synthesis Report
  6) Low Level Synthesis
  7) Partition Report
  8) Design Summary
       8.1) Primitive and Black Box Usage
       8.2) Device utilization summary
       8.3) Partition Resource Summary
       8.4) Timing Report
            8.4.1) Clock Information
            8.4.2) Asynchronous Control Signals Information
            8.4.3) Timing Summary
            8.4.4) Timing Details
            8.4.5) Cross Clock Domains Report


=========================================================================
*                      Synthesis Options Summary                        *
=========================================================================
---- Source Parameters
Input File Name                    : "ALU.prj"
Ignore Synthesis Constraint File   : NO

---- Target Parameters
Output File Name                   : "ALU"
Output Format                      : NGC
Target Device                      : xc7a100t-3-csg324

---- Source Options
Top Module Name                    : ALU
Automatic FSM Extraction           : YES
FSM Encoding Algorithm             : Auto
Safe Implementation                : No
FSM Style                          : LUT
RAM Extraction                     : Yes
RAM Style                          : Auto
ROM Extraction                     : Yes
Shift Register Extraction          : YES
ROM Style                          : Auto
Resource Sharing                   : YES
Asynchronous To Synchronous        : NO
Shift Register Minimum Size        : 2
Use DSP Block                      : Auto
Automatic Register Balancing       : No

---- Target Options
LUT Combining                      : Auto
Reduce Control Sets                : Auto
Add IO Buffers                     : YES
Global Maximum Fanout              : 100000
Add Generic Clock Buffer(BUFG)     : 32
Register Duplication               : YES
Optimize Instantiated Primitives   : NO
Use Clock Enable                   : Auto
Use Synchronous Set                : Auto
Use Synchronous Reset              : Auto
Pack IO Registers into IOBs        : Auto
Equivalent register Removal        : YES

---- General Options
Optimization Goal                  : Speed
Optimization Effort                : 1
Power Reduction                    : NO
Keep Hierarchy                     : No
Netlist Hierarchy                  : As_Optimized
RTL Output                         : Yes
Global Optimization                : AllClockNets
Read Cores                         : YES
Write Timing Constraints           : NO
Cross Clock Analysis               : NO
Hierarchy Separator                : /
Bus Delimiter                      : <>
Case Specifier                     : Maintain
Slice Utilization Ratio            : 100
BRAM Utilization Ratio             : 100
DSP48 Utilization Ratio            : 100
Auto BRAM Packing                  : NO
Slice Utilization Ratio Delta      : 5

=========================================================================


=========================================================================
*                          HDL Parsing                                  *
=========================================================================
Parsing VHDL file "D:\programming\codes\Alu\Mux4x1.vhd" into library work
Parsing entity <Mux4x1>.
Parsing architecture <Behavioral> of entity <mux4x1>.
Parsing VHDL file "D:\programming\codes\Alu\Mux2x1.vhd" into library work
Parsing entity <Mux2X1>.
Parsing architecture <Behavioral> of entity <mux2x1>.
Parsing VHDL file "D:\programming\codes\Alu\FULLAdder.vhd" into library work
Parsing entity <FULLAdder>.
Parsing architecture <Behavioral> of entity <fulladder>.
Parsing VHDL file "D:\programming\codes\Alu\one_bt_Alui.vhd" into library work
Parsing entity <one_bt_Alui>.
Parsing architecture <Behavioral> of entity <one_bt_alui>.
Parsing VHDL file "D:\programming\codes\Alu\Bit_32_Alu.vhd" into library work
Parsing entity <Bit_32_Alu>.
Parsing architecture <Behavioral> of entity <bit_32_alu>.
Parsing VHDL file "D:\programming\codes\Alu\ALU.vhd" into library work
Parsing entity <ALU>.
Parsing architecture <Behavioral> of entity <alu>.

=========================================================================
*                            HDL Elaboration                            *
=========================================================================

Elaborating entity <ALU> (architecture <Behavioral>) from library <work>.

Elaborating entity <one_bt_Alui> (architecture <Behavioral>) from library <work>.

Elaborating entity <Mux2X1> (architecture <Behavioral>) from library <work>.

Elaborating entity <FULLAdder> (architecture <Behavioral>) from library <work>.

Elaborating entity <Mux4x1> (architecture <Behavioral>) from library <work>.

Elaborating entity <Bit_32_Alu> (architecture <Behavioral>) from library <work>.

=========================================================================
*                           HDL Synthesis                               *
=========================================================================

Synthesizing Unit <ALU>.
    Related source file is "D:\programming\codes\Alu\ALU.vhd".
WARNING:Xst:647 - Input <cin> is never used. This port will be preserved and left unconnected if it belongs to a top-level block or it belongs to a sub-block and the hierarchy of this sub-block is preserved.
    Summary:
	no macro.
Unit <ALU> synthesized.

Synthesizing Unit <one_bt_Alui>.
    Related source file is "D:\programming\codes\Alu\one_bt_Alui.vhd".
    Summary:
	no macro.
Unit <one_bt_Alui> synthesized.

Synthesizing Unit <Mux2X1>.
    Related source file is "D:\programming\codes\Alu\Mux2x1.vhd".
    Summary:
	inferred   1 Multiplexer(s).
Unit <Mux2X1> synthesized.

Synthesizing Unit <FULLAdder>.
    Related source file is "D:\programming\codes\Alu\FULLAdder.vhd".
    Found 2-bit adder for signal <n0012> created at line 46.
    Found 2-bit adder for signal <Tmp> created at line 46.
    Summary:
	inferred   2 Adder/Subtractor(s).
Unit <FULLAdder> synthesized.

Synthesizing Unit <Mux4x1>.
    Related source file is "D:\programming\codes\Alu\Mux4x1.vhd".
    Found 1-bit 4-to-1 multiplexer for signal <result_res00_MUX_9_o> created at line 44.
    Summary:
	inferred   1 Multiplexer(s).
Unit <Mux4x1> synthesized.

Synthesizing Unit <Bit_32_Alu>.
    Related source file is "D:\programming\codes\Alu\Bit_32_Alu.vhd".
    Summary:
Unit <Bit_32_Alu> synthesized.

=========================================================================
HDL Synthesis Report

Macro Statistics
# Adders/Subtractors                                   : 64
 2-bit adder                                           : 64
# Multiplexers                                         : 96
 1-bit 2-to-1 multiplexer                              : 64
 1-bit 4-to-1 multiplexer                              : 32
# Xors                                                 : 1
 1-bit xor2                                            : 1

=========================================================================

=========================================================================
*                       Advanced HDL Synthesis                          *
=========================================================================


=========================================================================
Advanced HDL Synthesis Report

Macro Statistics
# Adders/Subtractors                                   : 32
 2-bit adder carry in                                  : 32
# Multiplexers                                         : 96
 1-bit 2-to-1 multiplexer                              : 64
 1-bit 4-to-1 multiplexer                              : 32
# Xors                                                 : 1
 1-bit xor2                                            : 1

=========================================================================

=========================================================================
*                         Low Level Synthesis                           *
=========================================================================

Optimizing unit <ALU> ...

Mapping all equations...
Building and optimizing final netlist ...
Found area constraint ratio of 100 (+ 5) on block ALU, actual ratio is 0.

Final Macro Processing ...

=========================================================================
Final Register Report

Found no macro
=========================================================================

=========================================================================
*                           Partition Report                            *
=========================================================================

Partition Implementation Status
-------------------------------

  No Partitions were found in this design.

-------------------------------

=========================================================================
*                            Design Summary                             *
=========================================================================

Top Level Output File Name         : ALU.ngc

Primitive and Black Box Usage:
------------------------------
# BELS                             : 154
#      LUT2                        : 50
#      LUT3                        : 1
#      LUT4                        : 29
#      LUT5                        : 6
#      LUT6                        : 64
#      MUXF7                       : 4
# IO Buffers                       : 103
#      IBUF                        : 68
#      OBUF                        : 35

Device utilization summary:
---------------------------

Selected Device : 7a100tcsg324-3 


Slice Logic Utilization: 
 Number of Slice LUTs:                  150  out of  63400     0%  
    Number used as Logic:               150  out of  63400     0%  

Slice Logic Distribution: 
 Number of LUT Flip Flop pairs used:    150
   Number with an unused Flip Flop:     150  out of    150   100%  
   Number with an unused LUT:             0  out of    150     0%  
   Number of fully used LUT-FF pairs:     0  out of    150     0%  
   Number of unique control sets:         0

IO Utilization: 
 Number of IOs:                         104
 Number of bonded IOBs:                 103  out of    210    49%  

Specific Feature Utilization:

---------------------------
Partition Resource Summary:
---------------------------

  No Partitions were found in this design.

---------------------------


=========================================================================
Timing Report

NOTE: THESE TIMING NUMBERS ARE ONLY A SYNTHESIS ESTIMATE.
      FOR ACCURATE TIMING INFORMATION PLEASE REFER TO THE TRACE REPORT
      GENERATED AFTER PLACE-and-ROUTE.

Clock Information:
------------------
No clock signals found in this design

Asynchronous Control Signals Information:
----------------------------------------
No asynchronous control signals found in this design

Timing Summary:
---------------
Speed Grade: -3

   Minimum period: No path found
   Minimum input arrival time before clock: No path found
   Maximum output required time after clock: No path found
   Maximum combinational path delay: 11.720ns

Timing Details:
---------------
All values displayed in nanoseconds (ns)

=========================================================================
Timing constraint: Default path analysis
  Total number of paths / destination ports: 5994 / 35
-------------------------------------------------------------------------
Delay:               11.720ns (Levels of Logic = 21)
  Source:            aluop<3> (PAD)
  Destination:       zflag (PAD)

  Data Path: aluop<3> to zflag
                                Gate     Net
    Cell:in->out      fanout   Delay   Delay  Logical Name (Net Name)
    ----------------------------------------  ------------
     IBUF:I->O            80   0.001   0.797  aluop_3_IBUF (aluop_3_IBUF)
     LUT6:I1->O            3   0.097   0.521  bit2/i_FAdder2/Madd_Tmp_Madd_cy<0>11 (cin1<2>)
     LUT6:I3->O            3   0.097   0.521  bit4/i_FAdder2/Madd_Tmp_Madd_cy<0>11 (cin1<4>)
     LUT6:I3->O            3   0.097   0.521  bit6/i_FAdder2/Madd_Tmp_Madd_cy<0>11 (cin1<6>)
     LUT6:I3->O            2   0.097   0.516  bit8/i_FAdder2/Madd_Tmp_Madd_cy<0>11 (cin1<8>)
     LUT5:I2->O            3   0.097   0.521  bit9/i_FAdder2/Madd_Tmp_Madd_cy<0>11 (cin1<9>)
     LUT6:I3->O            3   0.097   0.521  bit11/i_FAdder2/Madd_Tmp_Madd_cy<0>11 (cin1<11>)
     LUT6:I3->O            3   0.097   0.521  bit13/i_FAdder2/Madd_Tmp_Madd_cy<0>11 (cin1<13>)
     LUT6:I3->O            3   0.097   0.521  bit15/i_FAdder2/Madd_Tmp_Madd_cy<0>11 (cin1<15>)
     LUT6:I3->O            3   0.097   0.521  bit17/i_FAdder2/Madd_Tmp_Madd_cy<0>11 (cin1<17>)
     LUT6:I3->O            3   0.097   0.521  bit19/i_FAdder2/Madd_Tmp_Madd_cy<0>11 (cin1<19>)
     LUT6:I3->O            3   0.097   0.521  bit21/i_FAdder2/Madd_Tmp_Madd_cy<0>11 (cin1<21>)
     LUT6:I3->O            3   0.097   0.521  bit23/i_FAdder2/Madd_Tmp_Madd_cy<0>11 (cin1<23>)
     LUT6:I3->O            3   0.097   0.521  bit25/i_FAdder2/Madd_Tmp_Madd_cy<0>11 (cin1<25>)
     LUT6:I3->O            3   0.097   0.521  bit27/i_FAdder2/Madd_Tmp_Madd_cy<0>11 (cin1<27>)
     LUT6:I3->O            3   0.097   0.521  bit29/i_FAdder2/Madd_Tmp_Madd_cy<0>11 (cin1<29>)
     LUT6:I3->O            4   0.097   0.309  bit31/i_FAdder2/Madd_Tmp_Madd_cy<0>11 (cin1<31>)
     LUT6:I5->O            2   0.097   0.299  bit32/Mux6/Mmux_result_res00_MUX_9_o11 (dataout_31_OBUF)
     LUT5:I4->O            1   0.097   0.379  zflag6 (zflag6)
     LUT3:I1->O            1   0.097   0.279  zflag7 (zflag_OBUF)
     OBUF:I->O                 0.000          zflag_OBUF (zflag)
    ----------------------------------------
    Total                     11.720ns (1.844ns logic, 9.876ns route)
                                       (15.7% logic, 84.3% route)

=========================================================================

Cross Clock Domains Report:
--------------------------

=========================================================================


Total REAL time to Xst completion: 9.00 secs
Total CPU time to Xst completion: 9.08 secs
 
--> 

Total memory usage is 4653720 kilobytes

Number of errors   :    0 (   0 filtered)
Number of warnings :    1 (   0 filtered)
Number of infos    :    0 (   0 filtered)

