--------------------------------------------------------------------------------
Release 14.7 Trace  (nt64)
Copyright (c) 1995-2013 Xilinx, Inc.  All rights reserved.

D:\programming\14.7\ISE_DS\ISE\bin\nt64\unwrapped\trce.exe -intstyle ise -v 3
-s 3 -n 3 -fastpaths -xml one_bt_Alui.twx one_bt_Alui.ncd -o one_bt_Alui.twr
one_bt_Alui.pcf

Design file:              one_bt_Alui.ncd
Physical constraint file: one_bt_Alui.pcf
Device,package,speed:     xc7a100t,csg324,C,-3 (PRODUCTION 1.10 2013-10-13)
Report level:             verbose report

Environment Variable      Effect 
--------------------      ------ 
NONE                      No environment variables were set
--------------------------------------------------------------------------------

INFO:Timing:2698 - No timing constraints found, doing default enumeration.
INFO:Timing:3412 - To improve timing, see the Timing Closure User Guide (UG612).
INFO:Timing:2752 - To get complete path coverage, use the unconstrained paths 
   option. All paths that are not constrained will be reported in the 
   unconstrained paths section(s) of the report.
INFO:Timing:3339 - The clock-to-out numbers in this timing report are based on 
   a 50 Ohm transmission line loading model.  For the details of this model, 
   and for more information on accounting for different loading conditions, 
   please see the device datasheet.



Data Sheet report:
-----------------
All values displayed in nanoseconds (ns)

Pad to Pad
---------------+---------------+---------+
Source Pad     |Destination Pad|  Delay  |
---------------+---------------+---------+
A              |cout           |    5.740|
A              |result         |    5.724|
B              |cout           |    5.624|
B              |result         |    5.628|
cin            |cout           |    5.557|
cin            |result         |    4.920|
less           |result         |    5.458|
sel<0>         |result         |    5.009|
sel<1>         |result         |    5.433|
sel<2>         |cout           |    5.489|
sel<2>         |result         |    5.489|
sel<3>         |cout           |    5.734|
sel<3>         |result         |    5.714|
---------------+---------------+---------+


Analysis completed Fri May 10 14:30:31 2019 
--------------------------------------------------------------------------------

Trace Settings:
-------------------------
Trace Settings 

Peak Memory Usage: 5004 MB



